app/build/intermediates/manifest_merge_blame_file/debug/manifest-merger-blame-debug-report.txt
1<?xml version="1.0" encoding="utf-8"?>
2<manifest xmlns:android="http://schemas.android.com/apk/res/android"
3    package="sample.tencent.matrix"
4    android:versionCode="1"
5    android:versionName="1.0" >
6
7    <uses-sdk
8        android:minSdkVersion="19"
8-->src/main/AndroidManifest.xml
9        android:targetSdkVersion="28" />
9-->src/main/AndroidManifest.xml
10
11    <uses-permission android:name="android.permission.INTERNET" />
11-->src/main/AndroidManifest.xml:5:5-66
11-->src/main/AndroidManifest.xml:5:22-64
12    <uses-permission android:name="android.permission.WRITE_EXTERNAL_STORAGE" />
12-->src/main/AndroidManifest.xml:6:5-80
12-->src/main/AndroidManifest.xml:6:22-78
13    <uses-permission android:name="android.permission.MOUNT_UNMOUNT_FILESYSTEMS" />
13-->src/main/AndroidManifest.xml:7:5-83
13-->src/main/AndroidManifest.xml:7:22-81
14    <uses-permission android:name="android.permission.READ_EXTERNAL_STORAGE" />
14-->src/main/AndroidManifest.xml:8:5-79
14-->src/main/AndroidManifest.xml:8:22-77
15    <uses-permission android:name="android.permission.WAKE_LOCK" />
15-->src/main/AndroidManifest.xml:9:5-67
15-->src/main/AndroidManifest.xml:9:22-65
16    <uses-permission android:name="android.permission.SYSTEM_ALERT_WINDOW" />
16-->src/main/AndroidManifest.xml:10:5-78
16-->src/main/AndroidManifest.xml:10:22-75
17
18    <application
18-->src/main/AndroidManifest.xml:12:5-39:19
19        android:name="sample.tencent.matrix.MatrixApplication"
19-->src/main/AndroidManifest.xml:13:9-42
20        android:allowBackup="true"
20-->src/main/AndroidManifest.xml:14:9-35
21        android:appComponentFactory="android.support.v4.app.CoreComponentFactory"
21-->[com.android.support:support-compat:28.0.0] AndroidManifest.xml:22:18-91
22        android:debuggable="true"
23        android:icon="@mipmap/ic_launcher"
23-->src/main/AndroidManifest.xml:15:9-43
24        android:label="@string/app_name"
24-->src/main/AndroidManifest.xml:16:9-41
25        android:supportsRtl="true"
25-->src/main/AndroidManifest.xml:17:9-35
26        android:theme="@style/AppTheme" >
26-->src/main/AndroidManifest.xml:18:9-40
27        <activity android:name="sample.tencent.matrix.MainActivity" >
27-->src/main/AndroidManifest.xml:19:9-21:20
27-->src/main/AndroidManifest.xml:19:19-47
28        </activity>
29        <activity
29-->src/main/AndroidManifest.xml:23:9-93
30            android:name="sample.tencent.matrix.issue.IssuesListActivity"
30-->src/main/AndroidManifest.xml:23:19-59
31            android:launchMode="singleTask" />
31-->src/main/AndroidManifest.xml:23:60-91
32        <activity android:name="sample.tencent.matrix.SplashActivity" >
32-->src/main/AndroidManifest.xml:25:9-31:20
32-->src/main/AndroidManifest.xml:25:19-49
33            <intent-filter>
33-->src/main/AndroidManifest.xml:26:13-30:29
34                <action android:name="android.intent.action.MAIN" />
34-->src/main/AndroidManifest.xml:27:17-68
34-->src/main/AndroidManifest.xml:27:25-66
35
36                <category android:name="android.intent.category.LAUNCHER" />
36-->src/main/AndroidManifest.xml:29:17-76
36-->src/main/AndroidManifest.xml:29:27-74
37            </intent-filter>
38        </activity>
39        <activity android:name="sample.tencent.matrix.io.TestIOActivity" />
39-->src/main/AndroidManifest.xml:32:9-64
39-->src/main/AndroidManifest.xml:32:19-52
40        <activity android:name="sample.tencent.matrix.resource.TestLeakActivity" />
40-->src/main/AndroidManifest.xml:33:9-72
40-->src/main/AndroidManifest.xml:33:19-60
41        <activity android:name="sample.tencent.matrix.trace.TestTraceMainActivity" />
41-->src/main/AndroidManifest.xml:34:9-74
41-->src/main/AndroidManifest.xml:34:19-62
42        <activity android:name="sample.tencent.matrix.trace.TestTraceFragmentActivity" />
42-->src/main/AndroidManifest.xml:35:9-78
42-->src/main/AndroidManifest.xml:35:19-66
43        <activity android:name="sample.tencent.matrix.trace.TestEnterActivity" />
43-->src/main/AndroidManifest.xml:36:9-70
43-->src/main/AndroidManifest.xml:36:19-58
44        <activity android:name="sample.tencent.matrix.trace.TestFpsActivity" />
44-->src/main/AndroidManifest.xml:37:9-68
44-->src/main/AndroidManifest.xml:37:19-56
45        <activity android:name="sample.tencent.matrix.sqlitelint.TestSQLiteLintActivity" />
45-->src/main/AndroidManifest.xml:38:9-80
45-->src/main/AndroidManifest.xml:38:19-68
46        <activity
46-->[com.tencent.matrix:matrix-sqlite-lint-android-sdk:0.6.5] AndroidManifest.xml:12:9-18:20
47            android:name="com.tencent.sqlitelint.behaviour.alert.CheckedDatabaseListActivity"
47-->[com.tencent.matrix:matrix-sqlite-lint-android-sdk:0.6.5] AndroidManifest.xml:13:13-94
48            android:exported="true"
48-->[com.tencent.matrix:matrix-sqlite-lint-android-sdk:0.6.5] AndroidManifest.xml:14:13-36
49            android:icon="@drawable/sqlite_lint_icon"
49-->[com.tencent.matrix:matrix-sqlite-lint-android-sdk:0.6.5] AndroidManifest.xml:15:13-54
50            android:label="SQLiteLint"
50-->[com.tencent.matrix:matrix-sqlite-lint-android-sdk:0.6.5] AndroidManifest.xml:16:13-39
51            android:taskAffinity="com.tencent.sqlitelint" >
51-->[com.tencent.matrix:matrix-sqlite-lint-android-sdk:0.6.5] AndroidManifest.xml:17:13-58
52        </activity>
53        <activity
53-->[com.tencent.matrix:matrix-sqlite-lint-android-sdk:0.6.5] AndroidManifest.xml:19:9-23:20
54            android:name="com.tencent.sqlitelint.behaviour.alert.CheckResultActivity"
54-->[com.tencent.matrix:matrix-sqlite-lint-android-sdk:0.6.5] AndroidManifest.xml:20:13-86
55            android:launchMode="singleTop"
55-->[com.tencent.matrix:matrix-sqlite-lint-android-sdk:0.6.5] AndroidManifest.xml:21:13-43
56            android:taskAffinity="com.tencent.sqlitelint" >
56-->[com.tencent.matrix:matrix-sqlite-lint-android-sdk:0.6.5] AndroidManifest.xml:22:13-58
57        </activity>
58        <activity
58-->[com.tencent.matrix:matrix-sqlite-lint-android-sdk:0.6.5] AndroidManifest.xml:24:9-28:20
59            android:name="com.tencent.sqlitelint.behaviour.alert.IssueDetailActivity"
59-->[com.tencent.matrix:matrix-sqlite-lint-android-sdk:0.6.5] AndroidManifest.xml:25:13-86
60            android:launchMode="singleTop"
60-->[com.tencent.matrix:matrix-sqlite-lint-android-sdk:0.6.5] AndroidManifest.xml:26:13-43
61            android:taskAffinity="com.tencent.sqlitelint" >
61-->[com.tencent.matrix:matrix-sqlite-lint-android-sdk:0.6.5] AndroidManifest.xml:27:13-58
62        </activity>
63
64        <service
64-->[com.tencent.matrix:matrix-resource-canary-android:0.6.5] AndroidManifest.xml:14:9-19:19
65            android:name="com.tencent.matrix.resource.CanaryWorkerService"
65-->[com.tencent.matrix:matrix-resource-canary-android:0.6.5] AndroidManifest.xml:15:13-75
66            android:exported="false"
66-->[com.tencent.matrix:matrix-resource-canary-android:0.6.5] AndroidManifest.xml:16:13-37
67            android:permission="android.permission.BIND_JOB_SERVICE"
67-->[com.tencent.matrix:matrix-resource-canary-android:0.6.5] AndroidManifest.xml:17:13-69
68            android:process=":res_can_worker" >
68-->[com.tencent.matrix:matrix-resource-canary-android:0.6.5] AndroidManifest.xml:18:13-46
69        </service>
70        <service
70-->[com.tencent.matrix:matrix-resource-canary-android:0.6.5] AndroidManifest.xml:20:9-24:19
71            android:name="com.tencent.matrix.resource.CanaryResultService"
71-->[com.tencent.matrix:matrix-resource-canary-android:0.6.5] AndroidManifest.xml:21:13-75
72            android:exported="false"
72-->[com.tencent.matrix:matrix-resource-canary-android:0.6.5] AndroidManifest.xml:22:13-37
73            android:permission="android.permission.BIND_JOB_SERVICE" >
73-->[com.tencent.matrix:matrix-resource-canary-android:0.6.5] AndroidManifest.xml:23:13-69
74        </service>
75    </application>
76
77</manifest>